<?xml version="1.0" encoding="UTF-8"?>
<!-- Generated by org.testng.reporters.JUnitReportReporter -->
<testsuite skipped="0" hostname="DESKTOP-UH4FICF" name="surefire_use.Maven_Eg.AppTest" tests="1" failures="0" timestamp="01 Oct 2019 13:28:28 GMT" time="0.002" errors="0">
  <testcase name="testApp" time="0.002" classname="surefire_use.Maven_Eg.AppTest"/>
</testsuite> <!-- surefire_use.Maven_Eg.AppTest -->
